<?xml version="1.0" encoding="UTF-8"?>
<!-- Generated by org.testng.reporters.JUnitReportReporter -->
<testsuite skipped="0" hostname="Muneendra" name="com.test.Automation.SourceLead.homepage.TC001_VerifyLoginWithInvalidCredintials" tests="1" failures="0" timestamp="19 Sep 2017 05:18:21 GMT" time="2.163" errors="0">
  <testcase name="verifyLoginWithInvalidCredintials" time="2.163" classname="com.test.Automation.SourceLead.homepage.TC001_VerifyLoginWithInvalidCredintials"/>
</testsuite> <!-- com.test.Automation.SourceLead.homepage.TC001_VerifyLoginWithInvalidCredintials -->
